INFO: [SIM 2] *************** CSIM start ***************
WARNING: [SIM 51] HLS only supports CLANG compiler in Linux.
INFO: [SIM 4] CSIM will launch GCC as the compiler.
   Compiling(apcc) ../../../xorBit_test.c in debug mode
INFO: [HLS 200-10] Running 'c:/Xilinx/Vivado_HLS/2016.4/bin/unwrapped/win64.o/apcc.exe'
INFO: [HLS 200-10] For user 'Linda' on host 'desktop-ra719fn' (Windows NT_amd64 version 6.2) on Thu Feb 20 10:27:56 +0700 2020
INFO: [HLS 200-10] In directory 'C:/Users/Linda/Documents/AK_1_CS_FerlindaFeliana_HLS/solution1/csim/build'
../../../xorBit_test.c:7:16: warning: incompatible pointer types passing 'uint4 **' to parameter of type 'uint4 *'; remove & [-Wincompatible-pointer-types]
        xor_bit(a, b, &c);
                      ^~
../../../xorBit.h:4:43: note: passing argument to parameter 'out' here
void xor_bit(uint4 in1, uint4 in2, uint4* out);
                                          ^
../../../xorBit_test.c:8:11: warning: format specifies type 'int' but the argument has type 'uint4 *' [-Wformat]
        printf("%d", c);
                ~^   ~
2 warnings generated.
../../../xorBit_test.c:7:16: warning: incompatible pointer types passing 'uint4 **' to parameter of type 'uint4 *'; remove & [-Wincompatible-pointer-types]
        xor_bit(a, b, &c);
                      ^~
../../../xorBit.h:4:43: note: passing argument to parameter 'out' here
void xor_bit(uint4 in1, uint4 in2, uint4* out);
                                          ^
../../../xorBit_test.c:8:11: warning: format specifies type 'int' but the argument has type 'uint4 *' [-Wformat]
        printf("%d", c);
                ~^   ~
2 warnings generated.
INFO: [APCC 202-3] Tmp directory is apcc_db
INFO: [APCC 202-1] APCC is done.
   Compiling(apcc) ../../../xorBit.c in debug mode
INFO: [HLS 200-10] Running 'c:/Xilinx/Vivado_HLS/2016.4/bin/unwrapped/win64.o/apcc.exe'
INFO: [HLS 200-10] For user 'Linda' on host 'desktop-ra719fn' (Windows NT_amd64 version 6.2) on Thu Feb 20 10:28:12 +0700 2020
INFO: [HLS 200-10] In directory 'C:/Users/Linda/Documents/AK_1_CS_FerlindaFeliana_HLS/solution1/csim/build'
INFO: [APCC 202-3] Tmp directory is apcc_db
INFO: [APCC 202-1] APCC is done.
   Generating csim.exe
4201217
INFO: [SIM 1] CSim done with 0 errors.
INFO: [SIM 3] *************** CSIM finish ***************
