@I [HLS-0] Workspace C:/Users/Linda/Documents/AK_1_CS_FerlindaFeliana_HLS/solution1 opened at Thu Feb 20 10:54:57 +0700 2020
@I [HLS-100] Execute     config_clock -quiet -name default -period 10 -default=false 
@I [SYN-201] Setting up clock 'default' with a period of 10ns.
@I [HLS-100] Command     config_clock returned 0; 0 sec.
@I [HLS-100] Execute     open_platform DefaultPlatform 
@I [HLS-100] Command     open_platform returned 0; 0 sec.
@I [HLS-100] Execute     import_lib C:/Xilinx/Vivado_HLS/2016.4/common/technology/xilinx/zynq/zynq 
@I [HLS-100] Execute       source C:/Xilinx/Vivado_HLS/2016.4/common/technology/xilinx/common/xilinx.lib 
@I [HLS-100] Execute         source C:/Xilinx/Vivado_HLS/2016.4/common/technology/xilinx/interface/xilinx_interface.lib 
@I [HLS-100] Execute           source C:/Xilinx/Vivado_HLS/2016.4/common/technology/xilinx/interface/plb46.lib 
@I [HLS-100] Command           ap_source returned 0; 0 sec.
@I [HLS-100] Execute           source C:/Xilinx/Vivado_HLS/2016.4/common/technology/xilinx/interface/fsl.lib 
@I [HLS-100] Command           ap_source returned 0; 0 sec.
@I [HLS-100] Execute           source C:/Xilinx/Vivado_HLS/2016.4/common/technology/xilinx/interface/axi4.lib 
@I [HLS-100] Command           ap_source returned 0; 0 sec.
@I [HLS-100] Execute           source C:/Xilinx/Vivado_HLS/2016.4/common/technology/xilinx/interface/maxi.lib 
@I [HLS-100] Command           ap_source returned 0; 0.016 sec.
@I [HLS-100] Execute           source C:/Xilinx/Vivado_HLS/2016.4/common/technology/xilinx/interface/saxilite.lib 
@I [HLS-100] Command           ap_source returned 0; 0 sec.
@I [HLS-100] Command         ap_source returned 0; 0.016 sec.
@I [HLS-100] Execute         source C:/Xilinx/Vivado_HLS/2016.4/common/technology/xilinx/common/dsp48.lib 
@I [HLS-100] Command         ap_source returned 0; 0 sec.
@I [HLS-100] Execute         source C:/Xilinx/Vivado_HLS/2016.4/common/technology/xilinx/ip/dds_compiler.lib 
@I [HLS-100] Command         ap_source returned 0; 0 sec.
@I [HLS-100] Execute         source C:/Xilinx/Vivado_HLS/2016.4/common/technology/xilinx/ip/xfft.lib 
@I [HLS-100] Command         ap_source returned 0; 0 sec.
@I [HLS-100] Execute         source C:/Xilinx/Vivado_HLS/2016.4/common/technology/xilinx/ip/xfir.lib 
@I [HLS-100] Command         ap_source returned 0; 0 sec.
@I [HLS-100] Command       ap_source returned 0; 0.047 sec.
@I [HLS-100] Execute       source C:/Xilinx/Vivado_HLS/2016.4/common/technology/xilinx/common/xilinx_old.lib 
@I [HLS-100] Command       ap_source returned 0; 0.015 sec.
@I [HLS-100] Execute       source C:/Xilinx/Vivado_HLS/2016.4/common/technology/xilinx/common/xilinx_vivado.lib 
@I [HLS-100] Command       ap_source returned 0; 0 sec.
@I [HLS-100] Execute       source C:/Xilinx/Vivado_HLS/2016.4/common/technology/xilinx/common/xilinx.hlp 
@I [HLS-100] Execute         source C:/Xilinx/Vivado_HLS/2016.4/common/technology/xilinx/common/target_info.tcl 
@I [HLS-100] Command         ap_source returned 0; 0 sec.
@I [HLS-100] Execute         source C:/Xilinx/Vivado_HLS/2016.4/common/technology/xilinx/interface/xilinx_interface.hlp 
@I [HLS-100] Execute           source C:/Xilinx/Vivado_HLS/2016.4/common/technology/xilinx/interface/maxi.hlp 
@I [HLS-100] Command           ap_source returned 0; 0 sec.
@I [HLS-100] Execute           source C:/Xilinx/Vivado_HLS/2016.4/common/technology/xilinx/interface/saxilite.hlp 
@I [HLS-100] Command           ap_source returned 0; 0 sec.
@I [HLS-100] Command         ap_source returned 0; 0 sec.
@I [HLS-100] Execute         source C:/Xilinx/Vivado_HLS/2016.4/common/technology/xilinx/common/dsp48.hlp 
@I [HLS-100] Command         ap_source returned 0; 0 sec.
@I [HLS-100] Command       ap_source returned 0; 0.022 sec.
@I [HLS-100] Execute       source C:/Xilinx/Vivado_HLS/2016.4/common/technology/xilinx/zynq/dsp48e1.hlp 
@I [HLS-100] Command       ap_source returned 0; 0 sec.
@I [HLS-100] Execute       get_default_platform 
@I [HLS-100] Command       get_default_platform returned 0; 0 sec.
@I [HLS-100] Execute       config_chip_info -quiet -resource  {SLICE 13300}  {LUT 53200}     {FF 106400} {DSP48E 220}   {BRAM 280}  
@I [HLS-100] Command       config_chip_info returned 0; 0 sec.
@I [HLS-100] Execute       config_chip_info -quiet -speed medium 
@I [HLS-100] Command       config_chip_info returned 0; 0 sec.
@I [HLS-100] Command     import_lib returned 0; 0.1 sec.
@I [HLS-100] Execute     source C:/Xilinx/Vivado_HLS/2016.4/common/technology/xilinx/zynq/zynq.gen 
@I [HLS-100] Execute       source C:/Xilinx/Vivado_HLS/2016.4/common/technology/xilinx/common/virtex.gen 
@I [HLS-100] Execute         source C:/Xilinx/Vivado_HLS/2016.4/common/technology/xilinx/common/xilinx.gen 
@I [HLS-100] Execute           source C:/Xilinx/Vivado_HLS/2016.4/common/technology/xilinx/interface/plb46.gen 
@I [HLS-100] Command           ap_source returned 0; 0 sec.
@I [HLS-100] Execute           source C:/Xilinx/Vivado_HLS/2016.4/common/technology/xilinx/interface/fsl.gen 
@I [HLS-100] Command           ap_source returned 0; 0 sec.
@I [HLS-100] Execute           source C:/Xilinx/Vivado_HLS/2016.4/common/technology/xilinx/interface/axi4.gen 
@I [HLS-100] Command           ap_source returned 0; 0 sec.
@I [HLS-100] Execute           source C:/Xilinx/Vivado_HLS/2016.4/common/technology/xilinx/interface/nativeAXI4.gen 
@I [HLS-100] Execute             source C:/Xilinx/Vivado_HLS/2016.4/common/technology/xilinx/interface/saxilite.gen 
@I [HLS-100] Command             ap_source returned 0; 0.016 sec.
@I [HLS-100] Execute             source C:/Xilinx/Vivado_HLS/2016.4/common/technology/xilinx/interface/maxi.gen 
@I [HLS-100] Command             ap_source returned 0; 0.053 sec.
@I [HLS-100] Command           ap_source returned 0; 0.069 sec.
@I [HLS-100] Execute           source C:/Xilinx/Vivado_HLS/2016.4/common/technology/xilinx/scripts/xilinxcoregen.gen 
@I [HLS-100] Command           ap_source returned 0; 0.047 sec.
@I [HLS-100] Execute           source C:/Xilinx/Vivado_HLS/2016.4/common/technology/xilinx/interface/XilEDKCoreGen.gen 
@I [HLS-100] Command           ap_source returned 0; 0.053 sec.
@I [HLS-100] Execute           source C:/Xilinx/Vivado_HLS/2016.4/common/technology/xilinx/ip/dds_compiler.gen 
@I [HLS-100] Command           ap_source returned 0; 0 sec.
@I [HLS-100] Execute           source C:/Xilinx/Vivado_HLS/2016.4/common/technology/xilinx/ip/util.gen 
@I [HLS-100] Command           ap_source returned 0; 0 sec.
@I [HLS-100] Execute           source C:/Xilinx/Vivado_HLS/2016.4/common/technology/xilinx/ip/xfft.gen 
@I [HLS-100] Command           ap_source returned 0; 0.448 sec.
@I [HLS-100] Execute           source C:/Xilinx/Vivado_HLS/2016.4/common/technology/xilinx/ip/xfir.gen 
@I [HLS-100] Command           ap_source returned 0; 0.006 sec.
@I [HLS-100] Command         ap_source returned 0; 0.67 sec.
@I [HLS-100] Execute         source C:/Xilinx/Vivado_HLS/2016.4/common/technology/xilinx/common/dsp48.gen 
@I [HLS-100] Command         ap_source returned 0; 0 sec.
@I [HLS-100] Command       ap_source returned 0; 0.67 sec.
@I [HLS-100] Command     ap_source returned 0; 0.67 sec.
@I [HLS-100] Execute     open_platform DefaultPlatform 
@I [HLS-100] Command     open_platform returned 0; 0 sec.
@I [HLS-100] Execute     import_lib C:/Xilinx/Vivado_HLS/2016.4/common/technology/xilinx/zynq/zynq_fpv6 
@I [HLS-100] Execute       source C:/Xilinx/Vivado_HLS/2016.4/common/technology/xilinx/common/xilinx_fpv7.lib 
@I [HLS-100] Execute         source C:/Xilinx/Vivado_HLS/2016.4/common/technology/xilinx/common/xilinx_hp.lib 
@I [HLS-100] Command         ap_source returned 0; 0 sec.
@I [HLS-100] Command       ap_source returned 0; 0.015 sec.
@I [HLS-100] Execute       source C:/Xilinx/Vivado_HLS/2016.4/common/technology/xilinx/common/xilinx_fpv.hlp 
@I [HLS-100] Execute         source C:/Xilinx/Vivado_HLS/2016.4/common/technology/xilinx/common/xilinx.hlp 
@I [HLS-100] Execute           source C:/Xilinx/Vivado_HLS/2016.4/common/technology/xilinx/common/target_info.tcl 
@I [HLS-100] Command           ap_source returned 0; 0.015 sec.
@I [HLS-100] Execute           source C:/Xilinx/Vivado_HLS/2016.4/common/technology/xilinx/interface/xilinx_interface.hlp 
@I [HLS-100] Execute             source C:/Xilinx/Vivado_HLS/2016.4/common/technology/xilinx/interface/maxi.hlp 
@I [HLS-100] Command             ap_source returned 0; 0 sec.
@I [HLS-100] Execute             source C:/Xilinx/Vivado_HLS/2016.4/common/technology/xilinx/interface/saxilite.hlp 
@I [HLS-100] Command             ap_source returned 0; 0 sec.
@I [HLS-100] Command           ap_source returned 0; 0 sec.
@I [HLS-100] Execute           source C:/Xilinx/Vivado_HLS/2016.4/common/technology/xilinx/common/dsp48.hlp 
@I [HLS-100] Command           ap_source returned 0; 0 sec.
@I [HLS-100] Command         ap_source returned 0; 0.015 sec.
@I [HLS-100] Command       ap_source returned 0; 0.047 sec.
@I [HLS-100] Execute       source C:/Xilinx/Vivado_HLS/2016.4/common/technology/xilinx/zynq/zynq_hp.hlp 
@I [HLS-100] Command       ap_source returned 0; 0 sec.
@I [HLS-100] Command     import_lib returned 0; 0.116 sec.
@I [HLS-100] Execute     source C:/Xilinx/Vivado_HLS/2016.4/common/technology/xilinx/zynq/zynq_fpv6.gen 
@I [HLS-100] Execute       source C:/Xilinx/Vivado_HLS/2016.4/common/technology/xilinx/common/xilinx_fpv6.gen 
@I [HLS-100] Command       ap_source returned 0; 0.016 sec.
@I [HLS-100] Command     ap_source returned 0; 0.016 sec.
@I [HLS-100] Execute     set_part xc7z010clg400-1 
@I [HLS-100] Execute       add_library xilinx/zynq/zynq:xc7z010:clg400:-1 
@I [HLS-100] Execute         get_default_platform 
@I [HLS-100] Command         get_default_platform returned 0; 0 sec.
@I [HLS-100] Execute         license_isbetapart xc7z010 
@I [HLS-100] Command         license_isbetapart returned 1; 0.069 sec.
@I [HLS-100] Execute         get_default_platform 
@I [HLS-100] Command         get_default_platform returned 0; 0 sec.
@I [HLS-100] Execute         config_chip_info -quiet -resource  {SLICE 4400}   {LUT 17600}     {FF 35200}  {DSP48E 80}    {BRAM 120}  
@I [HLS-100] Command         config_chip_info returned 0; 0 sec.
@I [HLS-100] Execute         config_chip_info -quiet -speed slow 
@I [HLS-100] Command         config_chip_info returned 0; 0 sec.
@I [HLS-100] Command       add_library returned 0; 0.138 sec.
@I [HLS-100] Execute       add_library xilinx/zynq/zynq_fpv6 
@I [HLS-100] Execute         get_default_platform 
@I [HLS-100] Command         get_default_platform returned 0; 0 sec.
@I [HLS-100] Command       add_library returned 0; 0.031 sec.
@I [HLS-10] Setting target device to 'xc7z010clg400-1'
@I [HLS-100] Command     set_part returned 0; 0.216 sec.
@I [HLS-100] Execute     get_default_platform 
@I [HLS-100] Command     get_default_platform returned 0; 0 sec.
@I [HLS-100] Execute     config_chip_info -quiet -resource  {SLICE 4400}   {LUT 17600}     {FF 35200}  {DSP48E 80}    {BRAM 120}  
@I [HLS-100] Command     config_chip_info returned 0; 0 sec.
@I [HLS-100] Execute     config_chip_info -quiet -speed slow 
@I [HLS-100] Command     config_chip_info returned 0; 0 sec.
@I [HLS-100] Command   open_solution returned 0; 1.219 sec.
@I [HLS-100] Execute   export_design -rtl vhdl -format ip_catalog 
@I [HLS-100] Execute     source C:/Users/Linda/Documents/AK_1_CS_FerlindaFeliana_HLS/solution1/.autopilot/db/global.setting.tcl 
@I [HLS-100] Command     ap_source returned 0; 0 sec.
@I [HLS-100] Execute     source C:/Xilinx/Vivado_HLS/2016.4/common/technology/generic/autopilot/common.gen 
@I [HLS-100] Execute       source C:/Xilinx/Vivado_HLS/2016.4/common/technology/generic/autopilot/APCoreGen.gen 
@I [HLS-100] Command       ap_source returned 0; 0.016 sec.
@I [HLS-100] Command     ap_source returned 0; 0.016 sec.
@I [HLS-100] Execute     source C:/Xilinx/Vivado_HLS/2016.4/common/technology/generic/autopilot/op.gen 
@I [HLS-100] Command     ap_source returned 0; 0 sec.
@I [HLS-100] Execute     source C:/Xilinx/Vivado_HLS/2016.4/common/technology/generic/autopilot/op_simcore.gen 
@I [HLS-100] Command     ap_source returned 0; 0.015 sec.
@I [HLS-100] Execute     source C:/Xilinx/Vivado_HLS/2016.4/common/technology/generic/autopilot/interface.gen 
@I [HLS-100] Command     ap_source returned 0; 0 sec.
@I [HLS-100] Execute     source C:/Users/Linda/Documents/AK_1_CS_FerlindaFeliana_HLS/solution1/.autopilot/db/global.setting.tcl 
@I [HLS-100] Command     ap_source returned 0; 0.016 sec.
@I [HLS-100] Execute     source C:/Xilinx/Vivado_HLS/2016.4/common/technology/xilinx/zynq/zynq.gen 
@I [HLS-100] Execute       source C:/Xilinx/Vivado_HLS/2016.4/common/technology/xilinx/common/virtex.gen 
@I [HLS-100] Execute         source C:/Xilinx/Vivado_HLS/2016.4/common/technology/xilinx/common/xilinx.gen 
@I [HLS-100] Execute           source C:/Xilinx/Vivado_HLS/2016.4/common/technology/xilinx/interface/plb46.gen 
@I [HLS-100] Command           ap_source returned 0; 0 sec.
@I [HLS-100] Execute           source C:/Xilinx/Vivado_HLS/2016.4/common/technology/xilinx/interface/fsl.gen 
@I [HLS-100] Command           ap_source returned 0; 0 sec.
@I [HLS-100] Execute           source C:/Xilinx/Vivado_HLS/2016.4/common/technology/xilinx/interface/axi4.gen 
@I [HLS-100] Command           ap_source returned 0; 0.015 sec.
@I [HLS-100] Execute           source C:/Xilinx/Vivado_HLS/2016.4/common/technology/xilinx/interface/nativeAXI4.gen 
@I [HLS-100] Execute             source C:/Xilinx/Vivado_HLS/2016.4/common/technology/xilinx/interface/saxilite.gen 
@I [HLS-100] Command             ap_source returned 0; 0.016 sec.
@I [HLS-100] Execute             source C:/Xilinx/Vivado_HLS/2016.4/common/technology/xilinx/interface/maxi.gen 
@I [HLS-100] Command             ap_source returned 0; 0.069 sec.
@I [HLS-100] Command           ap_source returned 0; 0.085 sec.
@I [HLS-100] Execute           source C:/Xilinx/Vivado_HLS/2016.4/common/technology/xilinx/scripts/xilinxcoregen.gen 
@I [HLS-100] Command           ap_source returned 0; 0.062 sec.
@I [HLS-100] Execute           source C:/Xilinx/Vivado_HLS/2016.4/common/technology/xilinx/interface/XilEDKCoreGen.gen 
@I [HLS-100] Command           ap_source returned 0; 0.038 sec.
@I [HLS-100] Execute           source C:/Xilinx/Vivado_HLS/2016.4/common/technology/xilinx/ip/dds_compiler.gen 
@I [HLS-100] Command           ap_source returned 0; 0.016 sec.
@I [HLS-100] Execute           source C:/Xilinx/Vivado_HLS/2016.4/common/technology/xilinx/ip/util.gen 
@I [HLS-100] Command           ap_source returned 0; 0 sec.
@I [HLS-100] Execute           source C:/Xilinx/Vivado_HLS/2016.4/common/technology/xilinx/ip/xfft.gen 
@I [HLS-100] Command           ap_source returned 0; 0.432 sec.
@I [HLS-100] Execute           source C:/Xilinx/Vivado_HLS/2016.4/common/technology/xilinx/ip/xfir.gen 
@I [HLS-100] Command           ap_source returned 0; 0 sec.
@I [HLS-100] Command         ap_source returned 0; 0.648 sec.
@I [HLS-100] Execute         source C:/Xilinx/Vivado_HLS/2016.4/common/technology/xilinx/common/dsp48.gen 
@I [HLS-100] Command         ap_source returned 0; 0 sec.
@I [HLS-100] Command       ap_source returned 0; 0.655 sec.
@I [HLS-100] Command     ap_source returned 0; 0.655 sec.
@I [HLS-100] Execute     source C:/Xilinx/Vivado_HLS/2016.4/common/technology/xilinx/zynq/zynq_fpv6.gen 
@I [HLS-100] Execute       source C:/Xilinx/Vivado_HLS/2016.4/common/technology/xilinx/common/xilinx_fpv6.gen 
@I [HLS-100] Command       ap_source returned 0; 0.016 sec.
@I [HLS-100] Command     ap_source returned 0; 0.016 sec.
@I [HLS-100] Execute     source C:/Users/Linda/Documents/AK_1_CS_FerlindaFeliana_HLS/solution1/.autopilot/db/global.setting.tcl 
@I [HLS-100] Command     ap_source returned 0; 0 sec.
@I [IMPL-8] Exporting RTL as an IP in IP-XACT.
@I [HLS-100] Execute     source C:/Users/Linda/Documents/AK_1_CS_FerlindaFeliana_HLS/solution1/.autopilot/db/global.setting.tcl 
@I [HLS-100] Command     ap_source returned 0; 0 sec.
@I [HLS-100] Execute     source C:/Users/Linda/Documents/AK_1_CS_FerlindaFeliana_HLS/solution1/.autopilot/db/global.setting.tcl 
@I [HLS-100] Command     ap_source returned 0; 0 sec.
@I [HLS-100] Execute     source C:/Xilinx/Vivado_HLS/2016.4/common/technology/generic/autopilot/common.gen 
@I [HLS-100] Execute       source C:/Xilinx/Vivado_HLS/2016.4/common/technology/generic/autopilot/APCoreGen.gen 
@I [HLS-100] Command       ap_source returned 0; 0 sec.
@I [HLS-100] Command     ap_source returned 0; 0 sec.
@I [HLS-100] Execute     source C:/Xilinx/Vivado_HLS/2016.4/common/technology/generic/autopilot/op.gen 
@I [HLS-100] Command     ap_source returned 0; 0 sec.
@I [HLS-100] Execute     source C:/Xilinx/Vivado_HLS/2016.4/common/technology/generic/autopilot/op_simcore.gen 
@I [HLS-100] Command     ap_source returned 0; 0.016 sec.
@I [HLS-100] Execute     source C:/Xilinx/Vivado_HLS/2016.4/common/technology/generic/autopilot/interface.gen 
@I [HLS-100] Command     ap_source returned 0; 0 sec.
@I [HLS-100] Execute     source C:/Users/Linda/Documents/AK_1_CS_FerlindaFeliana_HLS/solution1/.autopilot/db/global.setting.tcl 
@I [HLS-100] Command     ap_source returned 0; 0.017 sec.
@I [HLS-100] Execute     source C:/Xilinx/Vivado_HLS/2016.4/common/technology/xilinx/zynq/zynq.gen 
@I [HLS-100] Execute       source C:/Xilinx/Vivado_HLS/2016.4/common/technology/xilinx/common/virtex.gen 
@I [HLS-100] Execute         source C:/Xilinx/Vivado_HLS/2016.4/common/technology/xilinx/common/xilinx.gen 
@I [HLS-100] Execute           source C:/Xilinx/Vivado_HLS/2016.4/common/technology/xilinx/interface/plb46.gen 
@I [HLS-100] Command           ap_source returned 0; 0 sec.
@I [HLS-100] Execute           source C:/Xilinx/Vivado_HLS/2016.4/common/technology/xilinx/interface/fsl.gen 
@I [HLS-100] Command           ap_source returned 0; 0 sec.
@I [HLS-100] Execute           source C:/Xilinx/Vivado_HLS/2016.4/common/technology/xilinx/interface/axi4.gen 
@I [HLS-100] Command           ap_source returned 0; 0.016 sec.
@I [HLS-100] Execute           source C:/Xilinx/Vivado_HLS/2016.4/common/technology/xilinx/interface/nativeAXI4.gen 
@I [HLS-100] Execute             source C:/Xilinx/Vivado_HLS/2016.4/common/technology/xilinx/interface/saxilite.gen 
@I [HLS-100] Command             ap_source returned 0; 0.031 sec.
@I [HLS-100] Execute             source C:/Xilinx/Vivado_HLS/2016.4/common/technology/xilinx/interface/maxi.gen 
@I [HLS-100] Command             ap_source returned 0; 0.031 sec.
@I [HLS-100] Command           ap_source returned 0; 0.067 sec.
@I [HLS-100] Execute           source C:/Xilinx/Vivado_HLS/2016.4/common/technology/xilinx/scripts/xilinxcoregen.gen 
@I [HLS-100] Command           ap_source returned 0; 0.031 sec.
@I [HLS-100] Execute           source C:/Xilinx/Vivado_HLS/2016.4/common/technology/xilinx/interface/XilEDKCoreGen.gen 
@I [HLS-100] Command           ap_source returned 0; 0.022 sec.
@I [HLS-100] Execute           source C:/Xilinx/Vivado_HLS/2016.4/common/technology/xilinx/ip/dds_compiler.gen 
@I [HLS-100] Command           ap_source returned 0; 0.016 sec.
@I [HLS-100] Execute           source C:/Xilinx/Vivado_HLS/2016.4/common/technology/xilinx/ip/util.gen 
@I [HLS-100] Command           ap_source returned 0; 0 sec.
@I [HLS-100] Execute           source C:/Xilinx/Vivado_HLS/2016.4/common/technology/xilinx/ip/xfft.gen 
@I [HLS-100] Command           ap_source returned 0; 0.448 sec.
@I [HLS-100] Execute           source C:/Xilinx/Vivado_HLS/2016.4/common/technology/xilinx/ip/xfir.gen 
@I [HLS-100] Command           ap_source returned 0; 0.015 sec.
@I [HLS-100] Command         ap_source returned 0; 0.631 sec.
@I [HLS-100] Execute         source C:/Xilinx/Vivado_HLS/2016.4/common/technology/xilinx/common/dsp48.gen 
@I [HLS-100] Command         ap_source returned 0; 0 sec.
@I [HLS-100] Command       ap_source returned 0; 0.631 sec.
@I [HLS-100] Command     ap_source returned 0; 0.631 sec.
@I [HLS-100] Execute     source C:/Xilinx/Vivado_HLS/2016.4/common/technology/xilinx/zynq/zynq_fpv6.gen 
@I [HLS-100] Execute       source C:/Xilinx/Vivado_HLS/2016.4/common/technology/xilinx/common/xilinx_fpv6.gen 
@I [HLS-100] Command       ap_source returned 0; 0.016 sec.
@I [HLS-100] Command     ap_source returned 0; 0.016 sec.
@I [HLS-100] Execute     source C:/Users/Linda/Documents/AK_1_CS_FerlindaFeliana_HLS/solution1/.autopilot/db/global.setting.tcl 
@I [HLS-100] Command     ap_source returned 0; 0.022 sec.
@I [HLS-100] Execute     source C:/Users/Linda/Documents/AK_1_CS_FerlindaFeliana_HLS/solution1/.autopilot/db/global.setting.tcl 
@I [HLS-100] Command     ap_source returned 0; 0.016 sec.
@I [HLS-100] Execute     source C:/Users/Linda/Documents/AK_1_CS_FerlindaFeliana_HLS/solution1/.autopilot/db/xor_bit.compgen.tcl 
@I [HLS-100] Command     ap_source returned 0; 0 sec.
@I [HLS-100] Execute     source C:/Users/Linda/Documents/AK_1_CS_FerlindaFeliana_HLS/solution1/.autopilot/db/global.setting.tcl 
@I [HLS-100] Command     ap_source returned 0; 0 sec.
@I [HLS-100] Execute     source C:/Users/Linda/Documents/AK_1_CS_FerlindaFeliana_HLS/solution1/.autopilot/db/global.setting.tcl 
@I [HLS-100] Command     ap_source returned 0; 0 sec.
@I [HLS-100] Execute     source C:/Users/Linda/Documents/AK_1_CS_FerlindaFeliana_HLS/solution1/.autopilot/db/xor_bit.compgen.tcl 
@I [HLS-100] Execute       source C:/Users/Linda/Documents/AK_1_CS_FerlindaFeliana_HLS/solution1/.autopilot/db/xor_bit.rtl_wrap.cfg.tcl 
@I [HLS-100] Command       ap_source returned 0; 0 sec.
@I [HLS-100] Execute       source C:/Users/Linda/Documents/AK_1_CS_FerlindaFeliana_HLS/solution1/.autopilot/db/xor_bit.rtl_wrap.cfg.tcl 
@I [HLS-100] Command       ap_source returned 0; 0.015 sec.
@I [HLS-100] Execute       source C:/Users/Linda/Documents/AK_1_CS_FerlindaFeliana_HLS/solution1/.autopilot/db/xor_bit.rtl_wrap.cfg.tcl 
@I [HLS-100] Command       ap_source returned 0; 0 sec.
@I [HLS-100] Execute       source C:/Users/Linda/Documents/AK_1_CS_FerlindaFeliana_HLS/solution1/.autopilot/db/xor_bit.tbgen.tcl 
@I [HLS-100] Command       ap_source returned 0; 0 sec.
@I [HLS-100] Execute       source C:/Users/Linda/Documents/AK_1_CS_FerlindaFeliana_HLS/solution1/.autopilot/db/xor_bit.tbgen.tcl 
@I [HLS-100] Command       ap_source returned 0; 0 sec.
@I [HLS-100] Command     ap_source returned 0; 0.116 sec.
@I [HLS-100] Execute     source C:/Users/Linda/Documents/AK_1_CS_FerlindaFeliana_HLS/solution1/.autopilot/db/global.setting.tcl 
@I [HLS-100] Command     ap_source returned 0; 0 sec.
@I [HLS-100] Execute     source C:/Users/Linda/Documents/AK_1_CS_FerlindaFeliana_HLS/solution1/.autopilot/db/global.setting.tcl 
@I [HLS-100] Command     ap_source returned 0; 0.016 sec.
@I [HLS-100] Execute     source C:/Users/Linda/Documents/AK_1_CS_FerlindaFeliana_HLS/solution1/.autopilot/db/xor_bit.compgen.tcl 
@I [HLS-100] Command     ap_source returned 0; 0 sec.
@I [HLS-100] Execute     source C:/Users/Linda/Documents/AK_1_CS_FerlindaFeliana_HLS/solution1/.autopilot/db/global.setting.tcl 
@I [HLS-100] Command     ap_source returned 0; 0 sec.
@I [HLS-100] Execute     source C:/Users/Linda/Documents/AK_1_CS_FerlindaFeliana_HLS/solution1/.autopilot/db/xor_bit.constraint.tcl 
@I [HLS-100] Command     ap_source returned 0; 0 sec.
@I [HLS-100] Execute     source C:/Users/Linda/Documents/AK_1_CS_FerlindaFeliana_HLS/solution1/.autopilot/db/global.setting.tcl 
@I [HLS-100] Command     ap_source returned 0; 0.016 sec.
@I [HLS-100] Execute     source C:/Users/Linda/Documents/AK_1_CS_FerlindaFeliana_HLS/solution1/.autopilot/db/xor_bit.rtl_wrap.cfg.tcl 
@I [HLS-100] Command     ap_source returned 0; 0 sec.
@I [HLS-100] Execute     source C:/Users/Linda/Documents/AK_1_CS_FerlindaFeliana_HLS/solution1/.autopilot/db/xor_bit.rtl_wrap.cfg.tcl 
@I [HLS-100] Command     ap_source returned 0; 0 sec.
@I [HLS-100] Execute     source C:/Users/Linda/Documents/AK_1_CS_FerlindaFeliana_HLS/solution1/.autopilot/db/xor_bit.rtl_wrap.cfg.tcl 
@I [HLS-100] Command     ap_source returned 0; 0 sec.
@I [HLS-100] Execute     source C:/Users/Linda/Documents/AK_1_CS_FerlindaFeliana_HLS/solution1/.autopilot/db/xor_bit.tbgen.tcl 
@I [HLS-100] Command     ap_source returned 0; 0 sec.
@I [HLS-100] Execute     source C:/Users/Linda/Documents/AK_1_CS_FerlindaFeliana_HLS/solution1/.autopilot/db/xor_bit.tbgen.tcl 
@I [HLS-100] Command     ap_source returned 0; 0 sec.
@I [HLS-100] Execute     source C:/Users/Linda/Documents/AK_1_CS_FerlindaFeliana_HLS/solution1/.autopilot/db/global.setting.tcl 
@I [HLS-100] Command     ap_source returned 0; 0 sec.
@I [HLS-100] Execute     source C:/Users/Linda/Documents/AK_1_CS_FerlindaFeliana_HLS/solution1/.autopilot/db/global.setting.tcl 
@I [HLS-100] Command     ap_source returned 0; 0 sec.
@I [HLS-100] Execute     source C:/Users/Linda/Documents/AK_1_CS_FerlindaFeliana_HLS/solution1/.autopilot/db/global.setting.tcl 
@I [HLS-100] Command     ap_source returned 0; 0 sec.
@I [HLS-100] Execute     source C:/Users/Linda/Documents/AK_1_CS_FerlindaFeliana_HLS/solution1/.autopilot/db/xor_bit.rtl_wrap.cfg.tcl 
@I [HLS-100] Command     ap_source returned 0; 0 sec.
@I [HLS-100] Execute     source C:/Users/Linda/Documents/AK_1_CS_FerlindaFeliana_HLS/solution1/.autopilot/db/xor_bit.rtl_wrap.cfg.tcl 
@I [HLS-100] Command     ap_source returned 0; 0 sec.
@I [HLS-100] Execute     source C:/Users/Linda/Documents/AK_1_CS_FerlindaFeliana_HLS/solution1/.autopilot/db/xor_bit.tbgen.tcl 
@I [HLS-100] Command     ap_source returned 0; 0.015 sec.
@I [HLS-100] Execute     source C:/Users/Linda/Documents/AK_1_CS_FerlindaFeliana_HLS/solution1/.autopilot/db/xor_bit.tbgen.tcl 
@I [HLS-100] Command     ap_source returned 0; 0 sec.
@I [HLS-100] Execute     source C:/Users/Linda/Documents/AK_1_CS_FerlindaFeliana_HLS/solution1/.autopilot/db/xor_bit.rtl_wrap.cfg.tcl 
@I [HLS-100] Command     ap_source returned 0; 0 sec.
@I [HLS-100] Execute     source C:/Users/Linda/Documents/AK_1_CS_FerlindaFeliana_HLS/solution1/.autopilot/db/xor_bit.rtl_wrap.cfg.tcl 
@I [HLS-100] Command     ap_source returned 0; 0.016 sec.
@I [HLS-100] Execute     source C:/Users/Linda/Documents/AK_1_CS_FerlindaFeliana_HLS/solution1/.autopilot/db/xor_bit.tbgen.tcl 
@I [HLS-100] Command     ap_source returned 0; 0 sec.
@I [HLS-100] Execute     source C:/Users/Linda/Documents/AK_1_CS_FerlindaFeliana_HLS/solution1/.autopilot/db/xor_bit.tbgen.tcl 
@I [HLS-100] Command     ap_source returned 0; 0 sec.
@I [HLS-100] Execute     source C:/Users/Linda/Documents/AK_1_CS_FerlindaFeliana_HLS/solution1/.autopilot/db/global.setting.tcl 
@I [HLS-100] Command     ap_source returned 0; 0 sec.
@I [HLS-100] Execute     source C:/Users/Linda/Documents/AK_1_CS_FerlindaFeliana_HLS/solution1/.autopilot/db/xor_bit.constraint.tcl 
@I [HLS-100] Command     ap_source returned 0; 0 sec.
@I [HLS-100] Execute     source C:/Users/Linda/Documents/AK_1_CS_FerlindaFeliana_HLS/solution1/.autopilot/db/global.setting.tcl 
@I [HLS-100] Command     ap_source returned 0; 0 sec.
@I [HLS-100] Execute     source C:/Users/Linda/Documents/AK_1_CS_FerlindaFeliana_HLS/solution1/.autopilot/db/global.setting.tcl 
@I [HLS-100] Command     ap_source returned 0; 0.006 sec.
@I [HLS-100] Execute     source C:/Users/Linda/Documents/AK_1_CS_FerlindaFeliana_HLS/solution1/.autopilot/db/xor_bit.constraint.tcl 
@I [HLS-100] Command     ap_source returned 0; 0 sec.
@I [HLS-100] Execute     source C:/Users/Linda/Documents/AK_1_CS_FerlindaFeliana_HLS/solution1/.autopilot/db/global.setting.tcl 
@I [HLS-100] Command     ap_source returned 0; 0.016 sec.
@I [HLS-100] Execute     source C:/Users/Linda/Documents/AK_1_CS_FerlindaFeliana_HLS/solution1/.autopilot/db/xor_bit.constraint.tcl 
@I [HLS-100] Command     ap_source returned 0; 0 sec.
@I [HLS-100] Execute     source C:/Users/Linda/Documents/AK_1_CS_FerlindaFeliana_HLS/solution1/.autopilot/db/global.setting.tcl 
@I [HLS-100] Command     ap_source returned 0; 0.016 sec.
@I [HLS-100] Execute     source C:/Xilinx/Vivado_HLS/2016.4/common/technology/generic/autopilot/common.gen 
@I [HLS-100] Execute       source C:/Xilinx/Vivado_HLS/2016.4/common/technology/generic/autopilot/APCoreGen.gen 
@I [HLS-100] Command       ap_source returned 0; 0.017 sec.
@I [HLS-100] Command     ap_source returned 0; 0.017 sec.
@I [HLS-100] Execute     source C:/Xilinx/Vivado_HLS/2016.4/common/technology/generic/autopilot/op.gen 
@I [HLS-100] Command     ap_source returned 0; 0 sec.
@I [HLS-100] Execute     source C:/Xilinx/Vivado_HLS/2016.4/common/technology/generic/autopilot/op_simcore.gen 
@I [HLS-100] Command     ap_source returned 0; 0 sec.
@I [HLS-100] Execute     source C:/Xilinx/Vivado_HLS/2016.4/common/technology/generic/autopilot/interface.gen 
@I [HLS-100] Command     ap_source returned 0; 0 sec.
@I [HLS-100] Execute     source C:/Users/Linda/Documents/AK_1_CS_FerlindaFeliana_HLS/solution1/.autopilot/db/global.setting.tcl 
@I [HLS-100] Command     ap_source returned 0; 0.016 sec.
@I [HLS-100] Execute     source C:/Xilinx/Vivado_HLS/2016.4/common/technology/xilinx/zynq/zynq.gen 
@I [HLS-100] Execute       source C:/Xilinx/Vivado_HLS/2016.4/common/technology/xilinx/common/virtex.gen 
@I [HLS-100] Execute         source C:/Xilinx/Vivado_HLS/2016.4/common/technology/xilinx/common/xilinx.gen 
@I [HLS-100] Execute           source C:/Xilinx/Vivado_HLS/2016.4/common/technology/xilinx/interface/plb46.gen 
@I [HLS-100] Command           ap_source returned 0; 0 sec.
@I [HLS-100] Execute           source C:/Xilinx/Vivado_HLS/2016.4/common/technology/xilinx/interface/fsl.gen 
@I [HLS-100] Command           ap_source returned 0; 0.016 sec.
@I [HLS-100] Execute           source C:/Xilinx/Vivado_HLS/2016.4/common/technology/xilinx/interface/axi4.gen 
@I [HLS-100] Command           ap_source returned 0; 0 sec.
@I [HLS-100] Execute           source C:/Xilinx/Vivado_HLS/2016.4/common/technology/xilinx/interface/nativeAXI4.gen 
@I [HLS-100] Execute             source C:/Xilinx/Vivado_HLS/2016.4/common/technology/xilinx/interface/saxilite.gen 
@I [HLS-100] Command             ap_source returned 0; 0.032 sec.
@I [HLS-100] Execute             source C:/Xilinx/Vivado_HLS/2016.4/common/technology/xilinx/interface/maxi.gen 
@I [HLS-100] Command             ap_source returned 0; 0.05 sec.
@I [HLS-100] Command           ap_source returned 0; 0.082 sec.
@I [HLS-100] Execute           source C:/Xilinx/Vivado_HLS/2016.4/common/technology/xilinx/scripts/xilinxcoregen.gen 
@I [HLS-100] Command           ap_source returned 0; 0.031 sec.
@I [HLS-100] Execute           source C:/Xilinx/Vivado_HLS/2016.4/common/technology/xilinx/interface/XilEDKCoreGen.gen 
@I [HLS-100] Command           ap_source returned 0; 0.047 sec.
@I [HLS-100] Execute           source C:/Xilinx/Vivado_HLS/2016.4/common/technology/xilinx/ip/dds_compiler.gen 
@I [HLS-100] Command           ap_source returned 0; 0.006 sec.
@I [HLS-100] Execute           source C:/Xilinx/Vivado_HLS/2016.4/common/technology/xilinx/ip/util.gen 
@I [HLS-100] Command           ap_source returned 0; 0 sec.
@I [HLS-100] Execute           source C:/Xilinx/Vivado_HLS/2016.4/common/technology/xilinx/ip/xfft.gen 
@I [HLS-100] Command           ap_source returned 0; 0.602 sec.
@I [HLS-100] Execute           source C:/Xilinx/Vivado_HLS/2016.4/common/technology/xilinx/ip/xfir.gen 
@I [HLS-100] Command           ap_source returned 0; 0 sec.
@I [HLS-100] Command         ap_source returned 0; 0.784 sec.
@I [HLS-100] Execute         source C:/Xilinx/Vivado_HLS/2016.4/common/technology/xilinx/common/dsp48.gen 
@I [HLS-100] Command         ap_source returned 0; 0 sec.
@I [HLS-100] Command       ap_source returned 0; 0.8 sec.
@I [HLS-100] Command     ap_source returned 0; 0.8 sec.
@I [HLS-100] Execute     source C:/Xilinx/Vivado_HLS/2016.4/common/technology/xilinx/zynq/zynq_fpv6.gen 
@I [HLS-100] Execute       source C:/Xilinx/Vivado_HLS/2016.4/common/technology/xilinx/common/xilinx_fpv6.gen 
@I [HLS-100] Command       ap_source returned 0; 0 sec.
@I [HLS-100] Command     ap_source returned 0; 0 sec.
@I [HLS-100] Execute     source C:/Users/Linda/Documents/AK_1_CS_FerlindaFeliana_HLS/solution1/.autopilot/db/global.setting.tcl 
@I [HLS-100] Command     ap_source returned 0; 0 sec.
@I [HLS-100] Execute     source C:/Xilinx/Vivado_HLS/2016.4/common/technology/generic/autopilot/common.gen 
@I [HLS-100] Execute       source C:/Xilinx/Vivado_HLS/2016.4/common/technology/generic/autopilot/APCoreGen.gen 
@I [HLS-100] Command       ap_source returned 0; 0.002 sec.
@I [HLS-100] Command     ap_source returned 0; 0.018 sec.
@I [HLS-100] Execute     source C:/Xilinx/Vivado_HLS/2016.4/common/technology/generic/autopilot/op.gen 
@I [HLS-100] Command     ap_source returned 0; 0 sec.
@I [HLS-100] Execute     source C:/Xilinx/Vivado_HLS/2016.4/common/technology/generic/autopilot/op_simcore.gen 
@I [HLS-100] Command     ap_source returned 0; 0.01 sec.
@I [HLS-100] Execute     source C:/Xilinx/Vivado_HLS/2016.4/common/technology/generic/autopilot/interface.gen 
@I [HLS-100] Command     ap_source returned 0; 0 sec.
@I [HLS-100] Execute     source C:/Users/Linda/Documents/AK_1_CS_FerlindaFeliana_HLS/solution1/.autopilot/db/global.setting.tcl 
@I [HLS-100] Command     ap_source returned 0; 0.011 sec.
@I [HLS-100] Execute     source C:/Xilinx/Vivado_HLS/2016.4/common/technology/xilinx/zynq/zynq.gen 
@I [HLS-100] Execute       source C:/Xilinx/Vivado_HLS/2016.4/common/technology/xilinx/common/virtex.gen 
@I [HLS-100] Execute         source C:/Xilinx/Vivado_HLS/2016.4/common/technology/xilinx/common/xilinx.gen 
@I [HLS-100] Execute           source C:/Xilinx/Vivado_HLS/2016.4/common/technology/xilinx/interface/plb46.gen 
@I [HLS-100] Command           ap_source returned 0; 0.002 sec.
@I [HLS-100] Execute           source C:/Xilinx/Vivado_HLS/2016.4/common/technology/xilinx/interface/fsl.gen 
@I [HLS-100] Command           ap_source returned 0; 0.008 sec.
@I [HLS-100] Execute           source C:/Xilinx/Vivado_HLS/2016.4/common/technology/xilinx/interface/axi4.gen 
@I [HLS-100] Command           ap_source returned 0; 0.01 sec.
@I [HLS-100] Execute           source C:/Xilinx/Vivado_HLS/2016.4/common/technology/xilinx/interface/nativeAXI4.gen 
@I [HLS-100] Execute             source C:/Xilinx/Vivado_HLS/2016.4/common/technology/xilinx/interface/saxilite.gen 
@I [HLS-100] Command             ap_source returned 0; 0.023 sec.
@I [HLS-100] Execute             source C:/Xilinx/Vivado_HLS/2016.4/common/technology/xilinx/interface/maxi.gen 
@I [HLS-100] Command             ap_source returned 0; 0.04 sec.
@I [HLS-100] Command           ap_source returned 0; 0.079 sec.
@I [HLS-100] Execute           source C:/Xilinx/Vivado_HLS/2016.4/common/technology/xilinx/scripts/xilinxcoregen.gen 
@I [HLS-100] Command           ap_source returned 0; 0.061 sec.
@I [HLS-100] Execute           source C:/Xilinx/Vivado_HLS/2016.4/common/technology/xilinx/interface/XilEDKCoreGen.gen 
@I [HLS-100] Command           ap_source returned 0; 0.049 sec.
@I [HLS-100] Execute           source C:/Xilinx/Vivado_HLS/2016.4/common/technology/xilinx/ip/dds_compiler.gen 
@I [HLS-100] Command           ap_source returned 0; 0.018 sec.
@I [HLS-100] Execute           source C:/Xilinx/Vivado_HLS/2016.4/common/technology/xilinx/ip/util.gen 
@I [HLS-100] Command           ap_source returned 0; 0.002 sec.
@I [HLS-100] Execute           source C:/Xilinx/Vivado_HLS/2016.4/common/technology/xilinx/ip/xfft.gen 
@I [HLS-100] Command           ap_source returned 0; 0.568 sec.
@I [HLS-100] Execute           source C:/Xilinx/Vivado_HLS/2016.4/common/technology/xilinx/ip/xfir.gen 
@I [HLS-100] Command           ap_source returned 0; 0.002 sec.
@I [HLS-100] Command         ap_source returned 0; 0.821 sec.
@I [HLS-100] Execute         source C:/Xilinx/Vivado_HLS/2016.4/common/technology/xilinx/common/dsp48.gen 
@I [HLS-100] Command         ap_source returned 0; 0 sec.
@I [HLS-100] Command       ap_source returned 0; 0.832 sec.
@I [HLS-100] Command     ap_source returned 0; 0.832 sec.
@I [HLS-100] Execute     source C:/Xilinx/Vivado_HLS/2016.4/common/technology/xilinx/zynq/zynq_fpv6.gen 
@I [HLS-100] Execute       source C:/Xilinx/Vivado_HLS/2016.4/common/technology/xilinx/common/xilinx_fpv6.gen 
@I [HLS-100] Command       ap_source returned 0; 0.01 sec.
@I [HLS-100] Command     ap_source returned 0; 0.01 sec.
@I [HLS-100] Execute     source C:/Users/Linda/Documents/AK_1_CS_FerlindaFeliana_HLS/solution1/.autopilot/db/global.setting.tcl 
@I [HLS-100] Command     ap_source returned 0; 0.01 sec.
@I [HLS-100] Execute     source C:/Users/Linda/Documents/AK_1_CS_FerlindaFeliana_HLS/solution1/.autopilot/db/global.setting.tcl 
@I [HLS-100] Command     ap_source returned 0; 0.01 sec.
@I [HLS-100] Execute     source C:/Users/Linda/Documents/AK_1_CS_FerlindaFeliana_HLS/solution1/.autopilot/db/global.setting.tcl 
@I [HLS-100] Command     ap_source returned 0; 0 sec.
@I [HLS-100] Execute     source C:/Xilinx/Vivado_HLS/2016.4/common/technology/generic/autopilot/common.gen 
@I [HLS-100] Execute       source C:/Xilinx/Vivado_HLS/2016.4/common/technology/generic/autopilot/APCoreGen.gen 
@I [HLS-100] Command       ap_source returned 0; 0 sec.
@I [HLS-100] Command     ap_source returned 0; 0.008 sec.
@I [HLS-100] Execute     source C:/Xilinx/Vivado_HLS/2016.4/common/technology/generic/autopilot/op.gen 
@I [HLS-100] Command     ap_source returned 0; 0 sec.
@I [HLS-100] Execute     source C:/Xilinx/Vivado_HLS/2016.4/common/technology/generic/autopilot/op_simcore.gen 
@I [HLS-100] Command     ap_source returned 0; 0.01 sec.
@I [HLS-100] Execute     source C:/Xilinx/Vivado_HLS/2016.4/common/technology/generic/autopilot/interface.gen 
@I [HLS-100] Command     ap_source returned 0; 0 sec.
@I [HLS-100] Execute     source C:/Users/Linda/Documents/AK_1_CS_FerlindaFeliana_HLS/solution1/.autopilot/db/global.setting.tcl 
@I [HLS-100] Command     ap_source returned 0; 0.008 sec.
@I [HLS-100] Execute     source C:/Xilinx/Vivado_HLS/2016.4/common/technology/xilinx/zynq/zynq.gen 
@I [HLS-100] Execute       source C:/Xilinx/Vivado_HLS/2016.4/common/technology/xilinx/common/virtex.gen 
@I [HLS-100] Execute         source C:/Xilinx/Vivado_HLS/2016.4/common/technology/xilinx/common/xilinx.gen 
@I [HLS-100] Execute           source C:/Xilinx/Vivado_HLS/2016.4/common/technology/xilinx/interface/plb46.gen 
@I [HLS-100] Command           ap_source returned 0; 0.008 sec.
@I [HLS-100] Execute           source C:/Xilinx/Vivado_HLS/2016.4/common/technology/xilinx/interface/fsl.gen 
@I [HLS-100] Command           ap_source returned 0; 0.002 sec.
@I [HLS-100] Execute           source C:/Xilinx/Vivado_HLS/2016.4/common/technology/xilinx/interface/axi4.gen 
@I [HLS-100] Command           ap_source returned 0; 0.01 sec.
@I [HLS-100] Execute           source C:/Xilinx/Vivado_HLS/2016.4/common/technology/xilinx/interface/nativeAXI4.gen 
@I [HLS-100] Execute             source C:/Xilinx/Vivado_HLS/2016.4/common/technology/xilinx/interface/saxilite.gen 
@I [HLS-100] Command             ap_source returned 0; 0.021 sec.
@I [HLS-100] Execute             source C:/Xilinx/Vivado_HLS/2016.4/common/technology/xilinx/interface/maxi.gen 
@I [HLS-100] Command             ap_source returned 0; 0.04 sec.
@I [HLS-100] Command           ap_source returned 0; 0.061 sec.
@I [HLS-100] Execute           source C:/Xilinx/Vivado_HLS/2016.4/common/technology/xilinx/scripts/xilinxcoregen.gen 
@I [HLS-100] Command           ap_source returned 0; 0.059 sec.
@I [HLS-100] Execute           source C:/Xilinx/Vivado_HLS/2016.4/common/technology/xilinx/interface/XilEDKCoreGen.gen 
@I [HLS-100] Command           ap_source returned 0; 0.032 sec.
@I [HLS-100] Execute           source C:/Xilinx/Vivado_HLS/2016.4/common/technology/xilinx/ip/dds_compiler.gen 
@I [HLS-100] Command           ap_source returned 0; 0.013 sec.
@I [HLS-100] Execute           source C:/Xilinx/Vivado_HLS/2016.4/common/technology/xilinx/ip/util.gen 
@I [HLS-100] Command           ap_source returned 0; 0 sec.
@I [HLS-100] Execute           source C:/Xilinx/Vivado_HLS/2016.4/common/technology/xilinx/ip/xfft.gen 
@I [HLS-100] Command           ap_source returned 0; 0.566 sec.
@I [HLS-100] Execute           source C:/Xilinx/Vivado_HLS/2016.4/common/technology/xilinx/ip/xfir.gen 
@I [HLS-100] Command           ap_source returned 0; 0 sec.
@I [HLS-100] Command         ap_source returned 0; 0.761 sec.
@I [HLS-100] Execute         source C:/Xilinx/Vivado_HLS/2016.4/common/technology/xilinx/common/dsp48.gen 
@I [HLS-100] Command         ap_source returned 0; 0.002 sec.
@I [HLS-100] Command       ap_source returned 0; 0.773 sec.
@I [HLS-100] Command     ap_source returned 0; 0.773 sec.
@I [HLS-100] Execute     source C:/Xilinx/Vivado_HLS/2016.4/common/technology/xilinx/zynq/zynq_fpv6.gen 
@I [HLS-100] Execute       source C:/Xilinx/Vivado_HLS/2016.4/common/technology/xilinx/common/xilinx_fpv6.gen 
@I [HLS-100] Command       ap_source returned 0; 0.008 sec.
@I [HLS-100] Command     ap_source returned 0; 0.008 sec.
@I [HLS-100] Execute     source C:/Users/Linda/Documents/AK_1_CS_FerlindaFeliana_HLS/solution1/.autopilot/db/global.setting.tcl 
@I [HLS-100] Command     ap_source returned 0; 0.002 sec.
@I [HLS-100] Execute     source C:/Users/Linda/Documents/AK_1_CS_FerlindaFeliana_HLS/solution1/.autopilot/db/global.setting.tcl 
@I [HLS-100] Command     ap_source returned 0; 0.01 sec.
@I [HLS-100] Execute     source C:/Users/Linda/Documents/AK_1_CS_FerlindaFeliana_HLS/solution1/.autopilot/db/xor_bit.compgen.tcl 
@I [HLS-100] Command     ap_source returned 0; 0 sec.
@I [HLS-100] Execute     source C:/Users/Linda/Documents/AK_1_CS_FerlindaFeliana_HLS/solution1/.autopilot/db/global.setting.tcl 
@I [HLS-100] Command     ap_source returned 0; 0.01 sec.
@I [HLS-100] Execute     source C:/Users/Linda/Documents/AK_1_CS_FerlindaFeliana_HLS/solution1/.autopilot/db/xor_bit.constraint.tcl 
@I [HLS-100] Command     ap_source returned 0; 0 sec.
@I [HLS-100] Execute     source C:/Users/Linda/Documents/AK_1_CS_FerlindaFeliana_HLS/solution1/.autopilot/db/global.setting.tcl 
@I [HLS-100] Command     ap_source returned 0; 0 sec.
@I [HLS-100] Execute     source C:/Xilinx/Vivado_HLS/2016.4/common/technology/generic/autopilot/common.gen 
@I [HLS-100] Execute       source C:/Xilinx/Vivado_HLS/2016.4/common/technology/generic/autopilot/APCoreGen.gen 
@I [HLS-100] Command       ap_source returned 0; 0.01 sec.
@I [HLS-100] Command     ap_source returned 0; 0.01 sec.
@I [HLS-100] Execute     source C:/Xilinx/Vivado_HLS/2016.4/common/technology/generic/autopilot/op.gen 
@I [HLS-100] Command     ap_source returned 0; 0 sec.
@I [HLS-100] Execute     source C:/Xilinx/Vivado_HLS/2016.4/common/technology/generic/autopilot/op_simcore.gen 
@I [HLS-100] Command     ap_source returned 0; 0.01 sec.
@I [HLS-100] Execute     source C:/Xilinx/Vivado_HLS/2016.4/common/technology/generic/autopilot/interface.gen 
@I [HLS-100] Command     ap_source returned 0; 0 sec.
@I [HLS-100] Execute     source C:/Users/Linda/Documents/AK_1_CS_FerlindaFeliana_HLS/solution1/.autopilot/db/global.setting.tcl 
@I [HLS-100] Command     ap_source returned 0; 0 sec.
@I [HLS-100] Execute     source C:/Xilinx/Vivado_HLS/2016.4/common/technology/xilinx/zynq/zynq.gen 
@I [HLS-100] Execute       source C:/Xilinx/Vivado_HLS/2016.4/common/technology/xilinx/common/virtex.gen 
@I [HLS-100] Execute         source C:/Xilinx/Vivado_HLS/2016.4/common/technology/xilinx/common/xilinx.gen 
@I [HLS-100] Execute           source C:/Xilinx/Vivado_HLS/2016.4/common/technology/xilinx/interface/plb46.gen 
@I [HLS-100] Command           ap_source returned 0; 0.008 sec.
@I [HLS-100] Execute           source C:/Xilinx/Vivado_HLS/2016.4/common/technology/xilinx/interface/fsl.gen 
@I [HLS-100] Command           ap_source returned 0; 0.002 sec.
@I [HLS-100] Execute           source C:/Xilinx/Vivado_HLS/2016.4/common/technology/xilinx/interface/axi4.gen 
@I [HLS-100] Command           ap_source returned 0; 0.011 sec.
@I [HLS-100] Execute           source C:/Xilinx/Vivado_HLS/2016.4/common/technology/xilinx/interface/nativeAXI4.gen 
@I [HLS-100] Execute             source C:/Xilinx/Vivado_HLS/2016.4/common/technology/xilinx/interface/saxilite.gen 
@I [HLS-100] Command             ap_source returned 0; 0.018 sec.
@I [HLS-100] Execute             source C:/Xilinx/Vivado_HLS/2016.4/common/technology/xilinx/interface/maxi.gen 
@I [HLS-100] Command             ap_source returned 0; 0.03 sec.
@I [HLS-100] Command           ap_source returned 0; 0.05 sec.
@I [HLS-100] Execute           source C:/Xilinx/Vivado_HLS/2016.4/common/technology/xilinx/scripts/xilinxcoregen.gen 
@I [HLS-100] Command           ap_source returned 0; 0.041 sec.
@I [HLS-100] Execute           source C:/Xilinx/Vivado_HLS/2016.4/common/technology/xilinx/interface/XilEDKCoreGen.gen 
@I [HLS-100] Command           ap_source returned 0; 0.042 sec.
@I [HLS-100] Execute           source C:/Xilinx/Vivado_HLS/2016.4/common/technology/xilinx/ip/dds_compiler.gen 
@I [HLS-100] Command           ap_source returned 0; 0.041 sec.
@I [HLS-100] Execute           source C:/Xilinx/Vivado_HLS/2016.4/common/technology/xilinx/ip/util.gen 
@I [HLS-100] Command           ap_source returned 0; 0 sec.
@I [HLS-100] Execute           source C:/Xilinx/Vivado_HLS/2016.4/common/technology/xilinx/ip/xfft.gen 
@I [HLS-100] Command           ap_source returned 0; 0.602 sec.
@I [HLS-100] Execute           source C:/Xilinx/Vivado_HLS/2016.4/common/technology/xilinx/ip/xfir.gen 
@I [HLS-100] Command           ap_source returned 0; 0 sec.
@I [HLS-100] Command         ap_source returned 0; 0.805 sec.
@I [HLS-100] Execute         source C:/Xilinx/Vivado_HLS/2016.4/common/technology/xilinx/common/dsp48.gen 
@I [HLS-100] Command         ap_source returned 0; 0 sec.
@I [HLS-100] Command       ap_source returned 0; 0.823 sec.
@I [HLS-100] Command     ap_source returned 0; 0.831 sec.
@I [HLS-100] Execute     source C:/Xilinx/Vivado_HLS/2016.4/common/technology/xilinx/zynq/zynq_fpv6.gen 
@I [HLS-100] Execute       source C:/Xilinx/Vivado_HLS/2016.4/common/technology/xilinx/common/xilinx_fpv6.gen 
@I [HLS-100] Command       ap_source returned 0; 0.015 sec.
@I [HLS-100] Command     ap_source returned 0; 0.015 sec.
@W [IMPL-201] IO timing constraints are not applied without adding IO buffers.
@I [HLS-100] Execute     source C:/Users/Linda/Documents/AK_1_CS_FerlindaFeliana_HLS/solution1/.autopilot/db/global.setting.tcl 
@I [HLS-100] Command     ap_source returned 0; 0.01 sec.
@I [HLS-100] Execute     source C:/Users/Linda/Documents/AK_1_CS_FerlindaFeliana_HLS/solution1/.autopilot/db/global.setting.tcl 
@I [HLS-100] Command     ap_source returned 0; 0 sec.
@I [HLS-100] Execute     source C:/Xilinx/Vivado_HLS/2016.4/common/technology/generic/autopilot/common.gen 
@I [HLS-100] Execute       source C:/Xilinx/Vivado_HLS/2016.4/common/technology/generic/autopilot/APCoreGen.gen 
@I [HLS-100] Command       ap_source returned 0; 0 sec.
@I [HLS-100] Command     ap_source returned 0; 0 sec.
@I [HLS-100] Execute     source C:/Xilinx/Vivado_HLS/2016.4/common/technology/generic/autopilot/op.gen 
@I [HLS-100] Command     ap_source returned 0; 0 sec.
@I [HLS-100] Execute     source C:/Xilinx/Vivado_HLS/2016.4/common/technology/generic/autopilot/op_simcore.gen 
@I [HLS-100] Command     ap_source returned 0; 0.005 sec.
@I [HLS-100] Execute     source C:/Xilinx/Vivado_HLS/2016.4/common/technology/generic/autopilot/interface.gen 
@I [HLS-100] Command     ap_source returned 0; 0 sec.
@I [HLS-100] Execute     source C:/Users/Linda/Documents/AK_1_CS_FerlindaFeliana_HLS/solution1/.autopilot/db/global.setting.tcl 
@I [HLS-100] Command     ap_source returned 0; 0 sec.
@I [HLS-100] Execute     source C:/Xilinx/Vivado_HLS/2016.4/common/technology/xilinx/zynq/zynq.gen 
@I [HLS-100] Execute       source C:/Xilinx/Vivado_HLS/2016.4/common/technology/xilinx/common/virtex.gen 
@I [HLS-100] Execute         source C:/Xilinx/Vivado_HLS/2016.4/common/technology/xilinx/common/xilinx.gen 
@I [HLS-100] Execute           source C:/Xilinx/Vivado_HLS/2016.4/common/technology/xilinx/interface/plb46.gen 
@I [HLS-100] Command           ap_source returned 0; 0.006 sec.
@I [HLS-100] Execute           source C:/Xilinx/Vivado_HLS/2016.4/common/technology/xilinx/interface/fsl.gen 
@I [HLS-100] Command           ap_source returned 0; 0 sec.
@I [HLS-100] Execute           source C:/Xilinx/Vivado_HLS/2016.4/common/technology/xilinx/interface/axi4.gen 
@I [HLS-100] Command           ap_source returned 0; 0.005 sec.
@I [HLS-100] Execute           source C:/Xilinx/Vivado_HLS/2016.4/common/technology/xilinx/interface/nativeAXI4.gen 
@I [HLS-100] Execute             source C:/Xilinx/Vivado_HLS/2016.4/common/technology/xilinx/interface/saxilite.gen 
@I [HLS-100] Command             ap_source returned 0; 0.005 sec.
@I [HLS-100] Execute             source C:/Xilinx/Vivado_HLS/2016.4/common/technology/xilinx/interface/maxi.gen 
@I [HLS-100] Command             ap_source returned 0; 0.01 sec.
@I [HLS-100] Command           ap_source returned 0; 0.015 sec.
@I [HLS-100] Execute           source C:/Xilinx/Vivado_HLS/2016.4/common/technology/xilinx/scripts/xilinxcoregen.gen 
@I [HLS-100] Command           ap_source returned 0; 0.015 sec.
@I [HLS-100] Execute           source C:/Xilinx/Vivado_HLS/2016.4/common/technology/xilinx/interface/XilEDKCoreGen.gen 
@I [HLS-100] Command           ap_source returned 0; 0.015 sec.
@I [HLS-100] Execute           source C:/Xilinx/Vivado_HLS/2016.4/common/technology/xilinx/ip/dds_compiler.gen 
@I [HLS-100] Command           ap_source returned 0; 0.005 sec.
@I [HLS-100] Execute           source C:/Xilinx/Vivado_HLS/2016.4/common/technology/xilinx/ip/util.gen 
@I [HLS-100] Command           ap_source returned 0; 0 sec.
@I [HLS-100] Execute           source C:/Xilinx/Vivado_HLS/2016.4/common/technology/xilinx/ip/xfft.gen 
@I [HLS-100] Command           ap_source returned 0; 0.175 sec.
@I [HLS-100] Execute           source C:/Xilinx/Vivado_HLS/2016.4/common/technology/xilinx/ip/xfir.gen 
@I [HLS-100] Command           ap_source returned 0; 0 sec.
@I [HLS-100] Command         ap_source returned 0; 0.241 sec.
@I [HLS-100] Execute         source C:/Xilinx/Vivado_HLS/2016.4/common/technology/xilinx/common/dsp48.gen 
@I [HLS-100] Command         ap_source returned 0; 0 sec.
@I [HLS-100] Command       ap_source returned 0; 0.241 sec.
@I [HLS-100] Command     ap_source returned 0; 0.241 sec.
@I [HLS-100] Execute     source C:/Xilinx/Vivado_HLS/2016.4/common/technology/xilinx/zynq/zynq_fpv6.gen 
@I [HLS-100] Execute       source C:/Xilinx/Vivado_HLS/2016.4/common/technology/xilinx/common/xilinx_fpv6.gen 
@I [HLS-100] Command       ap_source returned 0; 0.005 sec.
@I [HLS-100] Command     ap_source returned 0; 0.005 sec.
@I [HLS-100] Execute     source C:/Users/Linda/Documents/AK_1_CS_FerlindaFeliana_HLS/solution1/.autopilot/db/global.setting.tcl 
@I [HLS-100] Command     ap_source returned 0; 0.008 sec.
@I [HLS-100] Execute     source C:/Users/Linda/Documents/AK_1_CS_FerlindaFeliana_HLS/solution1/.autopilot/db/global.setting.tcl 
@I [HLS-100] Command     ap_source returned 0; 0 sec.
@I [HLS-100] Execute     source C:/Users/Linda/Documents/AK_1_CS_FerlindaFeliana_HLS/solution1/.autopilot/db/global.setting.tcl 
@I [HLS-100] Command     ap_source returned 0; 0 sec.
@I [HLS-100] Execute     source C:/Xilinx/Vivado_HLS/2016.4/common/technology/generic/autopilot/common.gen 
@I [HLS-100] Execute       source C:/Xilinx/Vivado_HLS/2016.4/common/technology/generic/autopilot/APCoreGen.gen 
@I [HLS-100] Command       ap_source returned 0; 0 sec.
@I [HLS-100] Command     ap_source returned 0; 0 sec.
@I [HLS-100] Execute     source C:/Xilinx/Vivado_HLS/2016.4/common/technology/generic/autopilot/op.gen 
@I [HLS-100] Command     ap_source returned 0; 0 sec.
@I [HLS-100] Execute     source C:/Xilinx/Vivado_HLS/2016.4/common/technology/generic/autopilot/op_simcore.gen 
@I [HLS-100] Command     ap_source returned 0; 0.01 sec.
@I [HLS-100] Execute     source C:/Xilinx/Vivado_HLS/2016.4/common/technology/generic/autopilot/interface.gen 
@I [HLS-100] Command     ap_source returned 0; 0 sec.
@I [HLS-100] Execute     source C:/Users/Linda/Documents/AK_1_CS_FerlindaFeliana_HLS/solution1/.autopilot/db/global.setting.tcl 
@I [HLS-100] Command     ap_source returned 0; 0 sec.
@I [HLS-100] Execute     source C:/Xilinx/Vivado_HLS/2016.4/common/technology/xilinx/zynq/zynq.gen 
@I [HLS-100] Execute       source C:/Xilinx/Vivado_HLS/2016.4/common/technology/xilinx/common/virtex.gen 
@I [HLS-100] Execute         source C:/Xilinx/Vivado_HLS/2016.4/common/technology/xilinx/common/xilinx.gen 
@I [HLS-100] Execute           source C:/Xilinx/Vivado_HLS/2016.4/common/technology/xilinx/interface/plb46.gen 
@I [HLS-100] Command           ap_source returned 0; 0 sec.
@I [HLS-100] Execute           source C:/Xilinx/Vivado_HLS/2016.4/common/technology/xilinx/interface/fsl.gen 
@I [HLS-100] Command           ap_source returned 0; 0.005 sec.
@I [HLS-100] Execute           source C:/Xilinx/Vivado_HLS/2016.4/common/technology/xilinx/interface/axi4.gen 
@I [HLS-100] Command           ap_source returned 0; 0 sec.
@I [HLS-100] Execute           source C:/Xilinx/Vivado_HLS/2016.4/common/technology/xilinx/interface/nativeAXI4.gen 
@I [HLS-100] Execute             source C:/Xilinx/Vivado_HLS/2016.4/common/technology/xilinx/interface/saxilite.gen 
@I [HLS-100] Command             ap_source returned 0; 0.005 sec.
@I [HLS-100] Execute             source C:/Xilinx/Vivado_HLS/2016.4/common/technology/xilinx/interface/maxi.gen 
@I [HLS-100] Command             ap_source returned 0; 0.005 sec.
@I [HLS-100] Command           ap_source returned 0; 0.015 sec.
@I [HLS-100] Execute           source C:/Xilinx/Vivado_HLS/2016.4/common/technology/xilinx/scripts/xilinxcoregen.gen 
@I [HLS-100] Command           ap_source returned 0; 0.02 sec.
@I [HLS-100] Execute           source C:/Xilinx/Vivado_HLS/2016.4/common/technology/xilinx/interface/XilEDKCoreGen.gen 
@I [HLS-100] Command           ap_source returned 0; 0.01 sec.
@I [HLS-100] Execute           source C:/Xilinx/Vivado_HLS/2016.4/common/technology/xilinx/ip/dds_compiler.gen 
@I [HLS-100] Command           ap_source returned 0; 0.005 sec.
@I [HLS-100] Execute           source C:/Xilinx/Vivado_HLS/2016.4/common/technology/xilinx/ip/util.gen 
@I [HLS-100] Command           ap_source returned 0; 0 sec.
@I [HLS-100] Execute           source C:/Xilinx/Vivado_HLS/2016.4/common/technology/xilinx/ip/xfft.gen 
@I [HLS-100] Command           ap_source returned 0; 0.25 sec.
@I [HLS-100] Execute           source C:/Xilinx/Vivado_HLS/2016.4/common/technology/xilinx/ip/xfir.gen 
@I [HLS-100] Command           ap_source returned 0; 0 sec.
@I [HLS-100] Command         ap_source returned 0; 0.32 sec.
@I [HLS-100] Execute         source C:/Xilinx/Vivado_HLS/2016.4/common/technology/xilinx/common/dsp48.gen 
@I [HLS-100] Command         ap_source returned 0; 0 sec.
@I [HLS-100] Command       ap_source returned 0; 0.33 sec.
@I [HLS-100] Command     ap_source returned 0; 0.33 sec.
@I [HLS-100] Execute     source C:/Xilinx/Vivado_HLS/2016.4/common/technology/xilinx/zynq/zynq_fpv6.gen 
@I [HLS-100] Execute       source C:/Xilinx/Vivado_HLS/2016.4/common/technology/xilinx/common/xilinx_fpv6.gen 
@I [HLS-100] Command       ap_source returned 0; 0.015 sec.
@I [HLS-100] Command     ap_source returned 0; 0.015 sec.
@I [HLS-100] Execute     source C:/Users/Linda/Documents/AK_1_CS_FerlindaFeliana_HLS/solution1/.autopilot/db/global.setting.tcl 
@I [HLS-100] Command     ap_source returned 0; 0.01 sec.
@I [HLS-100] Execute     source C:/Users/Linda/Documents/AK_1_CS_FerlindaFeliana_HLS/solution1/.autopilot/db/global.setting.tcl 
@I [HLS-100] Command     ap_source returned 0; 0.008 sec.
@I [HLS-100] Execute     source C:/Users/Linda/Documents/AK_1_CS_FerlindaFeliana_HLS/solution1/.autopilot/db/xor_bit.compgen.tcl 
@I [HLS-100] Command     ap_source returned 0; 0.01 sec.
@I [HLS-100] Execute     source C:/Users/Linda/Documents/AK_1_CS_FerlindaFeliana_HLS/solution1/.autopilot/db/global.setting.tcl 
@I [HLS-100] Command     ap_source returned 0; 0.005 sec.
@I [HLS-100] Execute     source C:/Users/Linda/Documents/AK_1_CS_FerlindaFeliana_HLS/solution1/.autopilot/db/xor_bit.constraint.tcl 
@I [HLS-100] Command     ap_source returned 0; 0.009 sec.
@I [HLS-100] Execute     source C:/Users/Linda/Documents/AK_1_CS_FerlindaFeliana_HLS/solution1/.autopilot/db/global.setting.tcl 
@I [HLS-100] Command     ap_source returned 0; 0 sec.
@I [HLS-100] Execute     source C:/Xilinx/Vivado_HLS/2016.4/common/technology/generic/autopilot/common.gen 
@I [HLS-100] Execute       source C:/Xilinx/Vivado_HLS/2016.4/common/technology/generic/autopilot/APCoreGen.gen 
@I [HLS-100] Command       ap_source returned 0; 0.025 sec.
@I [HLS-100] Command     ap_source returned 0; 0.035 sec.
@I [HLS-100] Execute     source C:/Xilinx/Vivado_HLS/2016.4/common/technology/generic/autopilot/op.gen 
@I [HLS-100] Command     ap_source returned 0; 0 sec.
@I [HLS-100] Execute     source C:/Xilinx/Vivado_HLS/2016.4/common/technology/generic/autopilot/op_simcore.gen 
@I [HLS-100] Command     ap_source returned 0; 0.01 sec.
@I [HLS-100] Execute     source C:/Xilinx/Vivado_HLS/2016.4/common/technology/generic/autopilot/interface.gen 
@I [HLS-100] Command     ap_source returned 0; 0.005 sec.
@I [HLS-100] Execute     source C:/Users/Linda/Documents/AK_1_CS_FerlindaFeliana_HLS/solution1/.autopilot/db/global.setting.tcl 
@I [HLS-100] Command     ap_source returned 0; 0.005 sec.
@I [HLS-100] Execute     source C:/Xilinx/Vivado_HLS/2016.4/common/technology/xilinx/zynq/zynq.gen 
@I [HLS-100] Execute       source C:/Xilinx/Vivado_HLS/2016.4/common/technology/xilinx/common/virtex.gen 
@I [HLS-100] Execute         source C:/Xilinx/Vivado_HLS/2016.4/common/technology/xilinx/common/xilinx.gen 
@I [HLS-100] Execute           source C:/Xilinx/Vivado_HLS/2016.4/common/technology/xilinx/interface/plb46.gen 
@I [HLS-100] Command           ap_source returned 0; 0.01 sec.
@I [HLS-100] Execute           source C:/Xilinx/Vivado_HLS/2016.4/common/technology/xilinx/interface/fsl.gen 
@I [HLS-100] Command           ap_source returned 0; 0.005 sec.
@I [HLS-100] Execute           source C:/Xilinx/Vivado_HLS/2016.4/common/technology/xilinx/interface/axi4.gen 
@I [HLS-100] Command           ap_source returned 0; 0.015 sec.
@I [HLS-100] Execute           source C:/Xilinx/Vivado_HLS/2016.4/common/technology/xilinx/interface/nativeAXI4.gen 
@I [HLS-100] Execute             source C:/Xilinx/Vivado_HLS/2016.4/common/technology/xilinx/interface/saxilite.gen 
@I [HLS-100] Command             ap_source returned 0; 0.024 sec.
@I [HLS-100] Execute             source C:/Xilinx/Vivado_HLS/2016.4/common/technology/xilinx/interface/maxi.gen 
@I [HLS-100] Command             ap_source returned 0; 0.044 sec.
@I [HLS-100] Command           ap_source returned 0; 0.07 sec.
@I [HLS-100] Execute           source C:/Xilinx/Vivado_HLS/2016.4/common/technology/xilinx/scripts/xilinxcoregen.gen 
@I [HLS-100] Command           ap_source returned 0; 0.047 sec.
@I [HLS-100] Execute           source C:/Xilinx/Vivado_HLS/2016.4/common/technology/xilinx/interface/XilEDKCoreGen.gen 
@I [HLS-100] Command           ap_source returned 0; 0.036 sec.
@I [HLS-100] Execute           source C:/Xilinx/Vivado_HLS/2016.4/common/technology/xilinx/ip/dds_compiler.gen 
@I [HLS-100] Command           ap_source returned 0; 0.1 sec.
@I [HLS-100] Execute           source C:/Xilinx/Vivado_HLS/2016.4/common/technology/xilinx/ip/util.gen 
@I [HLS-100] Command           ap_source returned 0; 0.031 sec.
@I [HLS-100] Execute           source C:/Xilinx/Vivado_HLS/2016.4/common/technology/xilinx/ip/xfft.gen 
@I [HLS-100] Command           ap_source returned 0; 0.754 sec.
@I [HLS-100] Execute           source C:/Xilinx/Vivado_HLS/2016.4/common/technology/xilinx/ip/xfir.gen 
@I [HLS-100] Command           ap_source returned 0; 0 sec.
@I [HLS-100] Command         ap_source returned 0; 1.092 sec.
@I [HLS-100] Execute         source C:/Xilinx/Vivado_HLS/2016.4/common/technology/xilinx/common/dsp48.gen 
@I [HLS-100] Command         ap_source returned 0; 0 sec.
@I [HLS-100] Command       ap_source returned 0; 1.112 sec.
@I [HLS-100] Command     ap_source returned 0; 1.112 sec.
@I [HLS-100] Execute     source C:/Xilinx/Vivado_HLS/2016.4/common/technology/xilinx/zynq/zynq_fpv6.gen 
@I [HLS-100] Execute       source C:/Xilinx/Vivado_HLS/2016.4/common/technology/xilinx/common/xilinx_fpv6.gen 
@I [HLS-100] Command       ap_source returned 0; 0.007 sec.
@I [HLS-100] Command     ap_source returned 0; 0.007 sec.
@W [IMPL-201] IO timing constraints are not applied without adding IO buffers.
@I [HLS-100] Execute     source C:/Users/Linda/Documents/AK_1_CS_FerlindaFeliana_HLS/solution1/.autopilot/db/global.setting.tcl 
@I [HLS-100] Command     ap_source returned 0; 0 sec.
@I [HLS-100] Command   export_design returned 0; 125.268 sec.
@I [HLS-100] Command ap_source returned 0; 126.534 sec.
@I [HLS-100] Execute cleanup_all 
@I [HLS-100] Command cleanup_all returned 0; 0 sec.
